*** Starting uWSGI 2.0.15 (64bit) on [Wed Jul  5 18:49:38 2017] ***
compiled with version: 4.8.5 20150623 (Red Hat 4.8.5-11) on 04 July 2017 10:18:20
os: Linux-3.10.0-514.6.2.el7.x86_64 #1 SMP Thu Feb 23 03:04:39 UTC 2017
nodename: iz018fts8kveyez
machine: x86_64
clock source: unix
pcre jit disabled
detected number of CPU cores: 1
current working directory: /
writing pidfile to /var/run/uwsgi9090.pid
detected binary path: /usr/local/bin/uwsgi
uWSGI running as root, you can use --uid/--gid/--chroot options
*** WARNING: you are running uWSGI as root !!! (use the --uid flag) *** 
your processes number limit is 3893
limiting address space of processes...
your process address space limit is 536870912 bytes (512 MB)
your memory page size is 4096 bytes
detected max file descriptor number: 65535
VirtualHosting mode enabled.
lock engine: pthread robust mutexes
thunder lock: disabled (you can enable it with --thunder-lock)
bind(): Cannot assign requested address [core/socket.c line 769]
